<?xml version="1.0" encoding="UTF-8"?>
<!-- Generated by org.testng.reporters.JUnitXMLReporter -->
<testsuite ignored="0" hostname="DESKTOP-BP0PLMU" failures="0" tests="1" name="edgeBrowser" time="2.145" errors="0" timestamp="2023-05-29T11:42:12 IST">
  <testcase classname="smsGenericUtilities.BaseClass" name="@BeforeTest Configure_BC" time="0.003">
    <failure type="java.lang.NoClassDefFoundError" message="org/apache/http/client/methods/HttpRequestBase">
      <![CDATA[java.lang.NoClassDefFoundError: org/apache/http/client/methods/HttpRequestBase
at smsGenericUtilities.BaseClass.Configure_BC(BaseClass.java:57)
Caused by: java.lang.ClassNotFoundException: org.apache.http.client.methods.HttpRequestBase
at java.base/jdk.internal.loader.BuiltinClassLoader.loadClass(BuiltinClassLoader.java:641)
at java.base/jdk.internal.loader.ClassLoaders$AppClassLoader.loadClass(ClassLoaders.java:188)
at java.base/java.lang.ClassLoader.loadClass(ClassLoader.java:520)
... 25 more
... Removed 24 stack frames]]>
    </failure>
  </testcase> <!-- @BeforeTest Configure_BC -->
  <testcase classname="smsGenericUtilities.BaseClass" name="@BeforeMethod configure_BM" time="0.091">
    <failure type="java.lang.NullPointerException" message="Cannot invoke &amp;quot;org.openqa.selenium.WebDriver.get(String)&amp;quot; because &amp;quot;this.driver&amp;quot; is null">
      <![CDATA[java.lang.NullPointerException: Cannot invoke "org.openqa.selenium.WebDriver.get(String)" because "this.driver" is null
at smsGenericUtilities.BaseClass.configure_BM(BaseClass.java:74)
at java.base/java.util.concurrent.ThreadPoolExecutor.runWorker(ThreadPoolExecutor.java:1136)
at java.base/java.util.concurrent.ThreadPoolExecutor$Worker.run(ThreadPoolExecutor.java:635)
at java.base/java.lang.Thread.run(Thread.java:833)
... Removed 16 stack frames]]>
    </failure>
  </testcase> <!-- @BeforeMethod configure_BM -->
  <testcase classname="smsGenericUtilities.BaseClass" name="@AfterMethod configure_AM" time="2.01">
    <failure type="java.lang.IllegalArgumentException" message="Input must be set">
      <![CDATA[java.lang.IllegalArgumentException: Input must be set
at org.openqa.selenium.internal.Require.nonNull(Require.java:59)
at org.openqa.selenium.support.ui.FluentWait.<init>(FluentWait.java:97)
at org.openqa.selenium.support.ui.WebDriverWait.<init>(WebDriverWait.java:77)
at org.openqa.selenium.support.ui.WebDriverWait.<init>(WebDriverWait.java:46)
at smsGenericUtilities.WebDriverutility.waitTillElementToInvisibility(WebDriverutility.java:86)
at com.edu.ObjectRepository.AdminDashBoardPreviewPage.signOutAdminLogin(AdminDashBoardPreviewPage.java:174)
at smsGenericUtilities.BaseClass.configure_AM(BaseClass.java:109)
at java.base/java.util.concurrent.ThreadPoolExecutor.runWorker(ThreadPoolExecutor.java:1136)
at java.base/java.util.concurrent.ThreadPoolExecutor$Worker.run(ThreadPoolExecutor.java:635)
at java.base/java.lang.Thread.run(Thread.java:833)
... Removed 17 stack frames]]>
    </failure>
  </testcase> <!-- @AfterMethod configure_AM -->
  <testcase classname="smsGenericUtilities.BaseClass" name="@AfterTest configure_AC" time="0.0">
    <failure type="java.lang.NullPointerException" message="Cannot invoke &amp;quot;org.openqa.selenium.WebDriver.quit()&amp;quot; because &amp;quot;this.driver&amp;quot; is null">
      <![CDATA[java.lang.NullPointerException: Cannot invoke "org.openqa.selenium.WebDriver.quit()" because "this.driver" is null
at smsGenericUtilities.BaseClass.configure_AC(BaseClass.java:116)
... Removed 24 stack frames]]>
    </failure>
  </testcase> <!-- @AfterTest configure_AC -->
  <testcase classname="com.edu.SMS.SubjectModuleTest.EditStudentTest" name="createAndEditStudent" time="0.0">
    <skipped/>
  </testcase> <!-- createAndEditStudent -->
</testsuite> <!-- edgeBrowser -->
