<?xml version="1.0" encoding="UTF-8"?>
<testng-results ignored="0" total="1" passed="1" failed="0" skipped="0">
  <reporter-output>
  </reporter-output>
  <suite started-at="2023-07-21T11:05:35 IST" name="Default suite" finished-at="2023-07-21T11:05:36 IST" duration-ms="937">
    <groups>
    </groups>
    <test started-at="2023-07-21T11:05:35 IST" name="Default test" finished-at="2023-07-21T11:05:36 IST" duration-ms="937">
      <class name="kalpanaMam.ReadDataFromExcel">
        <test-method signature="printing()[pri:0, instance:kalpanaMam.ReadDataFromExcel@47faa49c]" started-at="2023-07-21T11:05:35 IST" name="printing" finished-at="2023-07-21T11:05:36 IST" duration-ms="898" status="PASS">
          <reporter-output>
          </reporter-output>
        </test-method> <!-- printing -->
      </class> <!-- kalpanaMam.ReadDataFromExcel -->
    </test> <!-- Default test -->
  </suite> <!-- Default suite -->
</testng-results>
